<?xml version="1.0" encoding="UTF-8"?>
<!-- Generated by org.testng.reporters.JUnitReportReporter -->
<testsuite hostname="khosruzs-MBP.lan" failures="0" tests="1" name="com.mz.RestAssuredSuit.Post_Operation" time="2.967" errors="0" timestamp="2022-04-14T21:00:25 EDT" skipped="0">
  <testcase classname="com.mz.RestAssuredSuit.Post_Operation" name="Add_a_record_in_City" time="2.967"/>
  <system-out/>
</testsuite> <!-- com.mz.RestAssuredSuit.Post_Operation -->
