<?xml version="1.0" encoding="UTF-8"?>
<!-- Generated by org.testng.reporters.JUnitReportReporter -->
<testsuite hostname="khosruzs-MBP.lan" failures="0" tests="1" name="com.mz.RestAssuredSuit.Delete_Operation" time="2.469" errors="0" timestamp="2022-04-14T22:15:52 EDT" skipped="0">
  <testcase classname="com.mz.RestAssuredSuit.Delete_Operation" name="delete_customer_by_id" time="2.469"/>
  <system-out/>
</testsuite> <!-- com.mz.RestAssuredSuit.Delete_Operation -->
