<?xml version="1.0" encoding="UTF-8"?>
<!-- Generated by org.testng.reporters.JUnitReportReporter -->
<testsuite hostname="khosruzs-MBP.lan" failures="0" tests="1" name="com.mz.RestAssuredSuit.Put_Operation" time="3.002" errors="0" timestamp="2022-04-14T22:01:19 EDT" skipped="0">
  <testcase classname="com.mz.RestAssuredSuit.Put_Operation" name="update_a_record_in_customers" time="3.002"/>
  <system-out/>
</testsuite> <!-- com.mz.RestAssuredSuit.Put_Operation -->
