<?xml version="1.0" encoding="UTF-8"?>
<!-- Generated by org.testng.reporters.JUnitReportReporter -->
<testsuite hostname="khosruzs-MBP.lan" failures="0" tests="1" name="com.mz.RestAssuredSuit.Get_Operation" time="2.278" errors="0" timestamp="2022-04-14T21:05:16 EDT" skipped="0">
  <testcase classname="com.mz.RestAssuredSuit.Get_Operation" name="search_City" time="2.278"/>
  <system-out/>
</testsuite> <!-- com.mz.RestAssuredSuit.Get_Operation -->
